<?xml version="1.0" encoding="UTF-8"?>
<!-- Generated by org.testng.reporters.JUnitReportReporter -->
<testsuite skipped="0" hostname="FaisalKhatri" name="com.SchoolMgmt.schooltest.TestCase1" tests="1" failures="0" timestamp="07 Nov 2017 13:12:59 GMT" time="27.960" errors="0">
  <testcase name="Test1" time="27.960" classname="com.SchoolMgmt.schooltest.TestCase1"/>
</testsuite> <!-- com.SchoolMgmt.schooltest.TestCase1 -->
