<?xml version="1.0" encoding="UTF-8"?>
<!-- Generated by org.testng.reporters.JUnitReportReporter -->
<testsuite skipped="0" hostname="FaisalKhatri" name="com.SchoolMgmt.schooltest.TestCases" tests="5" failures="0" timestamp="07 Nov 2017 14:37:15 GMT" time="329.877" errors="0">
  <testcase name="Test5" time="28.113" classname="com.SchoolMgmt.schooltest.TestCases"/>
  <testcase name="Test2" time="186.704" classname="com.SchoolMgmt.schooltest.TestCases"/>
  <testcase name="Test1" time="39.912" classname="com.SchoolMgmt.schooltest.TestCases"/>
  <testcase name="Test3" time="49.238" classname="com.SchoolMgmt.schooltest.TestCases"/>
  <testcase name="Test4" time="25.910" classname="com.SchoolMgmt.schooltest.TestCases"/>
</testsuite> <!-- com.SchoolMgmt.schooltest.TestCases -->
