<?xml version="1.0" encoding="UTF-8"?>
<!-- Generated by org.testng.reporters.JUnitReportReporter -->
<testsuite skipped="0" hostname="FaisalKhatri" name="com.SchoolMgmt.schooltest.TestCasesForLoginFeeUnits" tests="1" failures="0" timestamp="08 Nov 2017 19:05:19 GMT" time="20.427" errors="0">
  <testcase name="Test1" time="20.427" classname="com.SchoolMgmt.schooltest.TestCasesForLoginFeeUnits"/>
</testsuite> <!-- com.SchoolMgmt.schooltest.TestCasesForLoginFeeUnits -->
