<?xml version="1.0" encoding="UTF-8"?>
<!-- Generated by org.testng.reporters.JUnitReportReporter -->
<testsuite skipped="0" hostname="FaisalKhatri" name="com.SchoolMgmt.schooltest.TestCasesForLoginMappings" tests="1" failures="0" timestamp="08 Nov 2017 06:09:38 GMT" time="29.256" errors="0">
  <testcase name="Test2" time="29.256" classname="com.SchoolMgmt.schooltest.TestCasesForLoginMappings"/>
</testsuite> <!-- com.SchoolMgmt.schooltest.TestCasesForLoginMappings -->
