<?xml version="1.0" encoding="UTF-8"?>
<!-- Generated by org.testng.reporters.JUnitReportReporter -->
<testsuite skipped="0" hostname="FaisalKhatri" name="com.SchoolMgmt.schooltest.TestCasesForLoginGeneralMaintain" tests="1" failures="0" timestamp="16 Nov 2017 11:05:45 GMT" time="88.537" errors="0">
  <testcase name="Test3" time="88.537" classname="com.SchoolMgmt.schooltest.TestCasesForLoginGeneralMaintain"/>
</testsuite> <!-- com.SchoolMgmt.schooltest.TestCasesForLoginGeneralMaintain -->
