<?xml version="1.0" encoding="UTF-8"?>
<!-- Generated by org.testng.reporters.JUnitReportReporter -->
<testsuite skipped="0" hostname="FaisalKhatri" name="com.SchoolMgmt.schooltest.TestCasesForLoginFeeUnits" tests="4" failures="0" timestamp="11 Nov 2017 14:26:41 GMT" time="127.327" errors="0">
  <testcase name="Test3" time="27.212" classname="com.SchoolMgmt.schooltest.TestCasesForLoginFeeUnits"/>
  <testcase name="Test2" time="35.101" classname="com.SchoolMgmt.schooltest.TestCasesForLoginFeeUnits"/>
  <testcase name="Test4" time="33.645" classname="com.SchoolMgmt.schooltest.TestCasesForLoginFeeUnits"/>
  <testcase name="Test1" time="31.369" classname="com.SchoolMgmt.schooltest.TestCasesForLoginFeeUnits"/>
</testsuite> <!-- com.SchoolMgmt.schooltest.TestCasesForLoginFeeUnits -->
