<?xml version="1.0" encoding="UTF-8"?>
<!-- Generated by org.testng.reporters.JUnitReportReporter -->
<testsuite skipped="0" hostname="FaisalKhatri" name="com.SchoolMgmt.schooltest.TestCasesForLoginGeneralMaintain" tests="1" failures="0" timestamp="11 Nov 2017 14:26:41 GMT" time="43.110" errors="0">
  <testcase name="Test1" time="43.110" classname="com.SchoolMgmt.schooltest.TestCasesForLoginGeneralMaintain"/>
</testsuite> <!-- com.SchoolMgmt.schooltest.TestCasesForLoginGeneralMaintain -->
