<?xml version="1.0" encoding="UTF-8"?>
<!-- Generated by org.testng.reporters.JUnitReportReporter -->
<testsuite skipped="0" hostname="FaisalKhatri" name="com.SchoolMgmt.schooltest.TestCasesForLoginMappings" tests="8" failures="0" timestamp="11 Nov 2017 14:26:41 GMT" time="375.226" errors="0">
  <testcase name="Test6" time="44.823" classname="com.SchoolMgmt.schooltest.TestCasesForLoginMappings"/>
  <testcase name="Test4" time="32.375" classname="com.SchoolMgmt.schooltest.TestCasesForLoginMappings"/>
  <testcase name="Test8" time="40.818" classname="com.SchoolMgmt.schooltest.TestCasesForLoginMappings"/>
  <testcase name="Test1" time="33.942" classname="com.SchoolMgmt.schooltest.TestCasesForLoginMappings"/>
  <testcase name="Test2" time="35.986" classname="com.SchoolMgmt.schooltest.TestCasesForLoginMappings"/>
  <testcase name="Test3" time="37.637" classname="com.SchoolMgmt.schooltest.TestCasesForLoginMappings"/>
  <testcase name="Test7" time="111.109" classname="com.SchoolMgmt.schooltest.TestCasesForLoginMappings"/>
  <testcase name="Test5" time="38.536" classname="com.SchoolMgmt.schooltest.TestCasesForLoginMappings"/>
</testsuite> <!-- com.SchoolMgmt.schooltest.TestCasesForLoginMappings -->
